#
# A fatal error has been detected by the Java Runtime Environment:
#
#  SIGSEGV (0xb) at pc=0x000000010979c044, pid=13167, tid=0x0000000000002d03
#
# JRE version: Java(TM) SE Runtime Environment (8.0_191-b12) (build 1.8.0_191-b12)
# Java VM: Java HotSpot(TM) 64-Bit Server VM (25.191-b12 mixed mode bsd-amd64 compressed oops)
# Problematic frame:
# V  [libjvm.dylib+0x39c044]
#
# Failed to write core dump. Core dumps have been disabled. To enable core dumping, try "ulimit -c unlimited" before starting Java again
#
# If you would like to submit a bug report, please visit:
#   http://bugreport.java.com/bugreport/crash.jsp
#

---------------  T H R E A D  ---------------

Current thread (0x00007fd345023800):  VMThread [stack: 0x0000700006d1b000,0x0000700006e1b000] [id=11523]

siginfo: si_signo: 11 (SIGSEGV), si_code: 1 (SEGV_MAPERR), si_addr: 0x000000ca0b69124a

Registers:
RAX=0x000000010b691168, RBX=0x000000010babd6e0, RCX=0x0000000000000001, RDX=0x000000ca0b691228
RSP=0x0000700006e1aae0, RBP=0x0000700006e1ab60, RSI=0x0000000000000000, RDI=0x0000000000000109
R8 =0x0000000000000006, R9 =0x0000000000000001, R10=0x00000000ffffff80, R11=0x00007fd343c00000
R12=0x0000000000000011, R13=0x0000000000000000, R14=0x000000010babb810, R15=0x000000010b691268
RIP=0x000000010979c044, EFLAGS=0x0000000000010202, ERR=0x0000000000000004
  TRAPNO=0x000000000000000e

Top of Stack: (sp=0x0000700006e1aae0)
0x0000700006e1aae0:   0100000000000000 0000000000000000
0x0000700006e1aaf0:   0000700007226960 0000000000000000
0x0000700006e1ab00:   00000007c0060218 000000010985311e
0x0000700006e1ab10:   00007fd343c0c958 0000000109c5a260
0x0000700006e1ab20:   0000700006e1ab40 000000010979c3ac
0x0000700006e1ab30:   00007fd343c0ccf0 0000700007226900
0x0000700006e1ab40:   0000000000000011 0000000000000000
0x0000700006e1ab50:   0000000000000000 0000000109c5a260
0x0000700006e1ab60:   0000700006e1aba0 00000001099bd259
0x0000700006e1ab70:   00007fd343d077c0 00007fd343e11f20
0x0000700006e1ab80:   00007fd343e11f30 00007fd343e12308
0x0000700006e1ab90:   00000000000003d8 0000700007226900
0x0000700006e1aba0:   0000700006e1ac40 00000001099bb7f1
0x0000700006e1abb0:   0000000000000000 0000000000000000
0x0000700006e1abc0:   0000000000000000 0000000000000000
0x0000700006e1abd0:   0000000000000000 0000019abddc92fa
0x0000700006e1abe0:   0000700006e1ac01 00007fd343d08870
0x0000700006e1abf0:   0000000000000000 00007fd343d077c0
0x0000700006e1ac00:   00007fd343e11f20 00007fd343e11f30
0x0000700006e1ac10:   00007fd343e12308 00000000000003d8
0x0000700006e1ac20:   00007fd345023800 0000000000000000
0x0000700006e1ac30:   0000000109cf9150 0000000109cf0210
0x0000700006e1ac40:   0000700006e1ae20 00000001099bbc3e
0x0000700006e1ac50:   fd00000070001001 000000000000ffff
0x0000700006e1ac60:   0000700006e1ade0 0000700006e1b000
0x0000700006e1ac70:   0000700006e1ade8 00007fff7c7cbb9d
0x0000700006e1ac80:   0000000000f915d0 0000000000000001
0x0000700006e1ac90:   00007fd343e06d40 0000000000000000
0x0000700006e1aca0:   0000700006e1aca8 6e69747563657845
0x0000700006e1acb0:   65706f204d562067 203a6e6f69746172
0x0000700006e1acc0:   724265676e616843 746e696f706b6165
0x0000700006e1acd0:   6500656e6f640073 00656e6f64207200 

Instructions: (pc=0x000000010979c044)
0x000000010979c024:   00 8b 08 ff c9 85 c9 0f 88 45 01 00 00 48 63 d1
0x000000010979c034:   4c 8b 7c d0 08 41 f6 47 2b 10 74 e7 49 8b 57 08
0x000000010979c044:   0f b7 72 22 48 8b 7a 08 4c 39 74 f7 50 75 d4 0f
0x000000010979c054:   b7 52 24 48 39 5c d7 50 75 c9 48 8d 05 a3 3f 55 

Register to memory mapping:

RAX=0x000000010b691168 is pointing into metadata
RBX=0x000000010babd6e0 is an unknown value
RCX=0x0000000000000001 is an unknown value
RDX=0x000000ca0b691228 is an unknown value
RSP=0x0000700006e1aae0 is an unknown value
RBP=0x0000700006e1ab60 is an unknown value
RSI=0x0000000000000000 is an unknown value
RDI=0x0000000000000109 is an unknown value
R8 =0x0000000000000006 is an unknown value
R9 =0x0000000000000001 is an unknown value
R10=0x00000000ffffff80 is an unknown value
R11=0x00007fd343c00000 is an unknown value
R12=0x0000000000000011 is an unknown value
R13=0x0000000000000000 is an unknown value
R14=0x000000010babb810 is an unknown value
R15={method} {0x000000010b691268} 
[error occurred during error reporting (printing register info), id 0xb]

Stack: [0x0000700006d1b000,0x0000700006e1b000],  sp=0x0000700006e1aae0,  free space=1022k
Native frames: (J=compiled Java code, j=interpreted, Vv=VM code, C=native code)
V  [libjvm.dylib+0x39c044]
V  [libjvm.dylib+0x5bd259]
V  [libjvm.dylib+0x5bb7f1]
V  [libjvm.dylib+0x5bbc3e]
V  [libjvm.dylib+0x5bb55d]
V  [libjvm.dylib+0x48e0be]
C  [libsystem_pthread.dylib+0x3661]  _pthread_body+0x154
C  [libsystem_pthread.dylib+0x350d]  _pthread_body+0x0
C  [libsystem_pthread.dylib+0x2bf9]  thread_start+0xd

VM_Operation (0x0000700007226900): ChangeBreakpoints, mode: safepoint, requested by thread 0x00007fd345832800


---------------  P R O C E S S  ---------------

Java Threads: ( => current thread )
  0x00007fd344047000 JavaThread "Service Thread" daemon [_thread_blocked, id=15875, stack(0x0000700007739000,0x0000700007839000)]
  0x00007fd345833800 JavaThread "C1 CompilerThread2" daemon [_thread_blocked, id=17923, stack(0x0000700007636000,0x0000700007736000)]
  0x00007fd344046000 JavaThread "C2 CompilerThread1" daemon [_thread_blocked, id=15363, stack(0x0000700007533000,0x0000700007633000)]
  0x00007fd345822000 JavaThread "C2 CompilerThread0" daemon [_thread_blocked, id=15107, stack(0x0000700007430000,0x0000700007530000)]
  0x00007fd344001000 JavaThread "JDWP Command Reader" daemon [_thread_in_native, id=14595, stack(0x000070000732d000,0x000070000742d000)]
  0x00007fd345811000 JavaThread "JDWP Event Helper Thread" daemon [_thread_blocked, id=14083, stack(0x000070000722a000,0x000070000732a000)]
  0x00007fd345832800 JavaThread "JDWP Transport Listener: dt_socket" daemon [_thread_blocked, id=13575, stack(0x0000700007127000,0x0000700007227000)]
  0x00007fd34481e000 JavaThread "Signal Dispatcher" daemon [_thread_blocked, id=18951, stack(0x0000700007024000,0x0000700007124000)]
  0x00007fd345029000 JavaThread "Finalizer" daemon [_thread_blocked, id=12291, stack(0x0000700006f21000,0x0000700007021000)]
  0x00007fd345028000 JavaThread "Reference Handler" daemon [_thread_blocked, id=21251, stack(0x0000700006e1e000,0x0000700006f1e000)]
  0x00007fd344801000 JavaThread "main" [_thread_blocked, id=9731, stack(0x000070000680c000,0x000070000690c000)]

Other Threads:
=>0x00007fd345023800 VMThread [stack: 0x0000700006d1b000,0x0000700006e1b000] [id=11523]
  0x00007fd344815000 WatcherThread [stack: 0x000070000783c000,0x000070000793c000] [id=16131]

VM state:at safepoint (normal execution)

VM Mutex/Monitor currently owned by a thread:  ([mutex/lock_event])
[0x00007fd343e06c40] Threads_lock - owner thread: 0x00007fd345023800

Heap:
 PSYoungGen      total 38400K, used 1996K [0x0000000795580000, 0x0000000798000000, 0x00000007c0000000)
  eden space 33280K, 6% used [0x0000000795580000,0x0000000795773360,0x0000000797600000)
  from space 5120K, 0% used [0x0000000797b00000,0x0000000797b00000,0x0000000798000000)
  to   space 5120K, 0% used [0x0000000797600000,0x0000000797600000,0x0000000797b00000)
 ParOldGen       total 87552K, used 0K [0x0000000740000000, 0x0000000745580000, 0x0000000795580000)
  object space 87552K, 0% used [0x0000000740000000,0x0000000740000000,0x0000000745580000)
 Metaspace       used 2713K, capacity 4490K, committed 4864K, reserved 1056768K
  class space    used 289K, capacity 386K, committed 512K, reserved 1048576K

Card table byte_map: [0x000000010a7bd000,0x000000010abbe000] byte_map_base: 0x0000000106dbd000

Marking Bits: (ParMarkBitMap*) 0x0000000109cf9e00
 Begin Bits: [0x000000011ca9a000, 0x000000011ea9a000)
 End Bits:   [0x000000011ea9a000, 0x0000000120a9a000)

Polling page: 0x0000000108ba6000

CodeCache: size=245760Kb used=1105Kb max_used=1105Kb free=244654Kb
 bounds [0x000000010da9a000, 0x000000010dd0a000, 0x000000011ca9a000]
 total_blobs=251 nmethods=28 adapters=145
 compilation: enabled

Compilation events (10 events):
Event: 1.791 Thread 0x00007fd345833800   24       3       sun.nio.cs.UTF_8$Encoder::encode (359 bytes)
Event: 1.793 Thread 0x00007fd345833800 nmethod 24 0x000000010dbaca90 code [0x000000010dbacc80, 0x000000010dbad7f8]
Event: 1.793 Thread 0x00007fd345833800   25       3       java.lang.String::startsWith (72 bytes)
Event: 1.794 Thread 0x00007fd345833800 nmethod 25 0x000000010dbaa350 code [0x000000010dbaa4c0, 0x000000010dbaa810]
Event: 1.794 Thread 0x00007fd345833800   26       1       java.net.URL::getProtocol (5 bytes)
Event: 1.794 Thread 0x00007fd345833800 nmethod 26 0x000000010dbaa090 code [0x000000010dbaa1e0, 0x000000010dbaa2f0]
Event: 1.810 Thread 0x00007fd345833800   27       3       java.util.HashMap::hash (20 bytes)
Event: 1.811 Thread 0x00007fd345833800 nmethod 27 0x000000010dba9c10 code [0x000000010dba9d80, 0x000000010dba9fe8]
Event: 1.811 Thread 0x00007fd345833800   28       1       java.lang.Object::<init> (1 bytes)
Event: 1.812 Thread 0x00007fd345833800 nmethod 28 0x000000010dbadf10 code [0x000000010dbae060, 0x000000010dbae170]

GC Heap History (0 events):
No events

Deoptimization events (0 events):
No events

Classes redefined (2 events):
Event: 1641.739 Thread 0x00007fd345023800 redefined class name=com.techelevator.ScratchPad2, count=1
Event: 1764.078 Thread 0x00007fd345023800 redefined class name=com.techelevator.ScratchPad2, count=2

Internal exceptions (2 events):
Event: 0.490 Thread 0x00007fd344801000 Exception <a 'java/lang/NoSuchMethodError': Method sun.misc.Unsafe.defineClass(Ljava/lang/String;[BII)Ljava/lang/Class; name or signature does not match> (0x0000000795587cb0) thrown at [/Users/java_re/workspace/8-2-build-macosx-x86_64/jdk8u191/11896/hotsp
Event: 0.490 Thread 0x00007fd344801000 Exception <a 'java/lang/NoSuchMethodError': Method sun.misc.Unsafe.prefetchRead(Ljava/lang/Object;J)V name or signature does not match> (0x0000000795587f98) thrown at [/Users/java_re/workspace/8-2-build-macosx-x86_64/jdk8u191/11896/hotspot/src/share/vm/pr

Events (10 events):
Event: 1755.231 Executing VM operation: GetCurrentContendedMonitor done
Event: 1755.232 Executing VM operation: GetOwnedMonitorInfo
Event: 1755.232 Executing VM operation: GetOwnedMonitorInfo done
Event: 1764.078 Executing VM operation: RedefineClasses
Event: 1764.078 Executing VM operation: RedefineClasses done
Event: 1764.089 Executing VM operation: ChangeBreakpoints
Event: 1764.089 Executing VM operation: ChangeBreakpoints done
Event: 1764.100 Executing VM operation: ChangeBreakpoints
Event: 1764.100 Executing VM operation: ChangeBreakpoints done
Event: 1764.122 Executing VM operation: ChangeBreakpoints


Dynamic libraries:
0x00007fff53963000 	/System/Library/Frameworks/Cocoa.framework/Versions/A/Cocoa
0x00007fff5ff3a000 	/System/Library/Frameworks/Security.framework/Versions/A/Security
0x00007fff525a7000 	/System/Library/Frameworks/ApplicationServices.framework/Versions/A/ApplicationServices
0x00007fff7c29b000 	/usr/lib/libz.1.dylib
0x00007fff7a1d6000 	/usr/lib/libSystem.B.dylib
0x00007fff7b885000 	/usr/lib/libobjc.A.dylib
0x00007fff54118000 	/System/Library/Frameworks/CoreFoundation.framework/Versions/A/CoreFoundation
0x00007fff5626c000 	/System/Library/Frameworks/Foundation.framework/Versions/C/Foundation
0x00007fff516f7000 	/System/Library/Frameworks/AppKit.framework/Versions/C/AppKit
0x00007fff53cdb000 	/System/Library/Frameworks/CoreData.framework/Versions/A/CoreData
0x00007fff73b2a000 	/System/Library/PrivateFrameworks/RemoteViewServices.framework/Versions/A/RemoteViewServices
0x00007fff7827b000 	/System/Library/PrivateFrameworks/UIFoundation.framework/Versions/A/UIFoundation
0x00007fff6898c000 	/System/Library/PrivateFrameworks/DFRFoundation.framework/Versions/A/DFRFoundation
0x00007fff588b0000 	/System/Library/Frameworks/Metal.framework/Versions/A/Metal
0x00007fff68b29000 	/System/Library/PrivateFrameworks/DesktopServicesPriv.framework/Versions/A/DesktopServicesPriv
0x00007fff7addb000 	/usr/lib/libenergytrace.dylib
0x00007fff762f0000 	/System/Library/PrivateFrameworks/SkyLight.framework/Versions/A/SkyLight
0x00007fff545bb000 	/System/Library/Frameworks/CoreGraphics.framework/Versions/A/CoreGraphics
0x00007fff7a1d1000 	/usr/lib/libScreenReader.dylib
0x00007fff50692000 	/System/Library/Frameworks/Accelerate.framework/Versions/A/Accelerate
0x00007fff569e5000 	/System/Library/Frameworks/IOSurface.framework/Versions/A/IOSurface
0x00007fff52af1000 	/System/Library/Frameworks/AudioToolbox.framework/Versions/A/AudioToolbox
0x00007fff52d80000 	/System/Library/Frameworks/AudioUnit.framework/Versions/A/AudioUnit
0x00007fff68a24000 	/System/Library/PrivateFrameworks/DataDetectorsCore.framework/Versions/A/DataDetectorsCore
0x00007fff53456000 	/System/Library/Frameworks/Carbon.framework/Versions/A/Frameworks/HIToolbox.framework/Versions/A/HIToolbox
0x00007fff7af35000 	/usr/lib/libicucore.A.dylib
0x00007fff5f4bb000 	/System/Library/Frameworks/QuartzCore.framework/Versions/A/QuartzCore
0x00007fff755a7000 	/System/Library/PrivateFrameworks/SignpostNotification.framework/Versions/A/SignpostNotification
0x00007fff5383c000 	/System/Library/Frameworks/Carbon.framework/Versions/A/Frameworks/SpeechRecognition.framework/Versions/A/SpeechRecognition
0x00007fff7a332000 	/usr/lib/libauto.dylib
0x00007fff7c18a000 	/usr/lib/libxml2.2.dylib
0x00007fff685df000 	/System/Library/PrivateFrameworks/CoreUI.framework/Versions/A/CoreUI
0x00007fff53bb7000 	/System/Library/Frameworks/CoreAudio.framework/Versions/A/CoreAudio
0x00007fff560a6000 	/System/Library/Frameworks/DiskArbitration.framework/Versions/A/DiskArbitration
0x00007fff7b1a9000 	/usr/lib/liblangid.dylib
0x00007fff7003a000 	/System/Library/PrivateFrameworks/MultitouchSupport.framework/Versions/A/MultitouchSupport
0x00007fff56948000 	/System/Library/Frameworks/IOKit.framework/Versions/A/IOKit
0x00007fff79e60000 	/usr/lib/libDiagnosticMessagesClient.dylib
0x00007fff55284000 	/System/Library/Frameworks/CoreServices.framework/Versions/A/CoreServices
0x00007fff71b68000 	/System/Library/PrivateFrameworks/PerformanceAnalysis.framework/Versions/A/PerformanceAnalysis
0x00007fff5e65d000 	/System/Library/Frameworks/OpenGL.framework/Versions/A/OpenGL
0x00007fff53971000 	/System/Library/Frameworks/ColorSync.framework/Versions/A/ColorSync
0x00007fff54bcd000 	/System/Library/Frameworks/CoreImage.framework/Versions/A/CoreImage
0x00007fff55c14000 	/System/Library/Frameworks/CoreText.framework/Versions/A/CoreText
0x00007fff56a43000 	/System/Library/Frameworks/ImageIO.framework/Versions/A/ImageIO
0x00007fff64d27000 	/System/Library/PrivateFrameworks/Backup.framework/Versions/A/Backup
0x00007fff7a282000 	/usr/lib/libarchive.2.dylib
0x00007fff530a2000 	/System/Library/Frameworks/CFNetwork.framework/Versions/A/CFNetwork
0x00007fff606ca000 	/System/Library/Frameworks/SystemConfiguration.framework/Versions/A/SystemConfiguration
0x00007fff79d89000 	/usr/lib/libCRFSuite.dylib
0x00007fff7a40b000 	/usr/lib/libc++.1.dylib
0x00007fff7a462000 	/usr/lib/libc++abi.dylib
0x00007fff7c349000 	/usr/lib/system/libcache.dylib
0x00007fff7c34e000 	/usr/lib/system/libcommonCrypto.dylib
0x00007fff7c359000 	/usr/lib/system/libcompiler_rt.dylib
0x00007fff7c361000 	/usr/lib/system/libcopyfile.dylib
0x00007fff7c36b000 	/usr/lib/system/libcorecrypto.dylib
0x00007fff7c478000 	/usr/lib/system/libdispatch.dylib
0x00007fff7c4b2000 	/usr/lib/system/libdyld.dylib
0x00007fff7c4d0000 	/usr/lib/system/libkeymgr.dylib
0x00007fff7c4de000 	/usr/lib/system/liblaunch.dylib
0x00007fff7c4df000 	/usr/lib/system/libmacho.dylib
0x00007fff7c4e4000 	/usr/lib/system/libquarantine.dylib
0x00007fff7c4e7000 	/usr/lib/system/libremovefile.dylib
0x00007fff7c4e9000 	/usr/lib/system/libsystem_asl.dylib
0x00007fff7c501000 	/usr/lib/system/libsystem_blocks.dylib
0x00007fff7c502000 	/usr/lib/system/libsystem_c.dylib
0x00007fff7c58c000 	/usr/lib/system/libsystem_configuration.dylib
0x00007fff7c590000 	/usr/lib/system/libsystem_coreservices.dylib
0x00007fff7c594000 	/usr/lib/system/libsystem_darwin.dylib
0x00007fff7c596000 	/usr/lib/system/libsystem_dnssd.dylib
0x00007fff7c59d000 	/usr/lib/system/libsystem_info.dylib
0x00007fff7c60e000 	/usr/lib/system/libsystem_m.dylib
0x00007fff7c65a000 	/usr/lib/system/libsystem_malloc.dylib
0x00007fff7c67a000 	/usr/lib/system/libsystem_network.dylib
0x00007fff7c7ab000 	/usr/lib/system/libsystem_networkextension.dylib
0x00007fff7c7b6000 	/usr/lib/system/libsystem_notify.dylib
0x00007fff7c7d4000 	/usr/lib/system/libsystem_sandbox.dylib
0x00007fff7c7d8000 	/usr/lib/system/libsystem_secinit.dylib
0x00007fff7c5e7000 	/usr/lib/system/libsystem_kernel.dylib
0x00007fff7c7c0000 	/usr/lib/system/libsystem_platform.dylib
0x00007fff7c7c8000 	/usr/lib/system/libsystem_pthread.dylib
0x00007fff7c7da000 	/usr/lib/system/libsystem_symptoms.dylib
0x00007fff7c7e2000 	/usr/lib/system/libsystem_trace.dylib
0x00007fff7c7f7000 	/usr/lib/system/libunwind.dylib
0x00007fff7c7fd000 	/usr/lib/system/libxpc.dylib
0x00007fff79c9c000 	/usr/lib/closure/libclosured.dylib
0x00007fff7a3ec000 	/usr/lib/libbsm.0.dylib
0x00007fff7c4d1000 	/usr/lib/system/libkxld.dylib
0x00007fff7a09a000 	/usr/lib/libOpenScriptingUtil.dylib
0x00007fff7a75a000 	/usr/lib/libcoretls.dylib
0x00007fff7a773000 	/usr/lib/libcoretls_cfhelpers.dylib
0x00007fff7bc86000 	/usr/lib/libpam.2.dylib
0x00007fff7bdad000 	/usr/lib/libsqlite3.dylib
0x00007fff7c179000 	/usr/lib/libxar.1.dylib
0x00007fff7a3fd000 	/usr/lib/libbz2.1.0.dylib
0x00007fff7b1ab000 	/usr/lib/liblzma.5.dylib
0x00007fff7b68c000 	/usr/lib/libnetwork.dylib
0x00007fff7a26b000 	/usr/lib/libapple_nghttp2.dylib
0x00007fff7bc8d000 	/usr/lib/libpcap.A.dylib
0x00007fff7a333000 	/usr/lib/libboringssl.dylib
0x00007fff7c114000 	/usr/lib/libusrtcp.dylib
0x00007fff7a26a000 	/usr/lib/libapple_crypto.dylib
0x00007fff55607000 	/System/Library/Frameworks/CoreServices.framework/Versions/A/Frameworks/FSEvents.framework/Versions/A/FSEvents
0x00007fff552fa000 	/System/Library/Frameworks/CoreServices.framework/Versions/A/Frameworks/CarbonCore.framework/Versions/A/CarbonCore
0x00007fff557ce000 	/System/Library/Frameworks/CoreServices.framework/Versions/A/Frameworks/Metadata.framework/Versions/A/Metadata
0x00007fff5587f000 	/System/Library/Frameworks/CoreServices.framework/Versions/A/Frameworks/OSServices.framework/Versions/A/OSServices
0x00007fff558e0000 	/System/Library/Frameworks/CoreServices.framework/Versions/A/Frameworks/SearchKit.framework/Versions/A/SearchKit
0x00007fff55285000 	/System/Library/Frameworks/CoreServices.framework/Versions/A/Frameworks/AE.framework/Versions/A/AE
0x00007fff55610000 	/System/Library/Frameworks/CoreServices.framework/Versions/A/Frameworks/LaunchServices.framework/Versions/A/LaunchServices
0x00007fff555d2000 	/System/Library/Frameworks/CoreServices.framework/Versions/A/Frameworks/DictionaryServices.framework/Versions/A/DictionaryServices
0x00007fff5594f000 	/System/Library/Frameworks/CoreServices.framework/Versions/A/Frameworks/SharedFileList.framework/Versions/A/SharedFileList
0x00007fff59ae6000 	/System/Library/Frameworks/NetFS.framework/Versions/A/NetFS
0x00007fff702cb000 	/System/Library/PrivateFrameworks/NetAuth.framework/Versions/A/NetAuth
0x00007fff79b33000 	/System/Library/PrivateFrameworks/login.framework/Versions/A/Frameworks/loginsupport.framework/Versions/A/loginsupport
0x00007fff77efc000 	/System/Library/PrivateFrameworks/TCC.framework/Versions/A/TCC
0x00007fff7b28c000 	/usr/lib/libmecabra.dylib
0x00007fff525a8000 	/System/Library/Frameworks/ApplicationServices.framework/Versions/A/Frameworks/ATS.framework/Versions/A/ATS
0x00007fff52956000 	/System/Library/Frameworks/ApplicationServices.framework/Versions/A/Frameworks/ColorSyncLegacy.framework/Versions/A/ColorSyncLegacy
0x00007fff529fa000 	/System/Library/Frameworks/ApplicationServices.framework/Versions/A/Frameworks/HIServices.framework/Versions/A/HIServices
0x00007fff52a4d000 	/System/Library/Frameworks/ApplicationServices.framework/Versions/A/Frameworks/LangAnalysis.framework/Versions/A/LangAnalysis
0x00007fff52a5c000 	/System/Library/Frameworks/ApplicationServices.framework/Versions/A/Frameworks/PrintCore.framework/Versions/A/PrintCore
0x00007fff52aa9000 	/System/Library/Frameworks/ApplicationServices.framework/Versions/A/Frameworks/QD.framework/Versions/A/QD
0x00007fff52ae4000 	/System/Library/Frameworks/ApplicationServices.framework/Versions/A/Frameworks/SpeechSynthesis.framework/Versions/A/SpeechSynthesis
0x00007fff54032000 	/System/Library/Frameworks/CoreDisplay.framework/Versions/A/CoreDisplay
0x00007fff506aa000 	/System/Library/Frameworks/Accelerate.framework/Versions/A/Frameworks/vImage.framework/Versions/A/vImage
0x00007fff51404000 	/System/Library/Frameworks/Accelerate.framework/Versions/A/Frameworks/vecLib.framework/Versions/A/vecLib
0x00007fff511a4000 	/System/Library/Frameworks/Accelerate.framework/Versions/A/Frameworks/vecLib.framework/Versions/A/libvDSP.dylib
0x00007fff50d04000 	/System/Library/Frameworks/Accelerate.framework/Versions/A/Frameworks/vecLib.framework/Versions/A/libBNNS.dylib
0x00007fff51109000 	/System/Library/Frameworks/Accelerate.framework/Versions/A/Frameworks/vecLib.framework/Versions/A/libQuadrature.dylib
0x00007fff51352000 	/System/Library/Frameworks/Accelerate.framework/Versions/A/Frameworks/vecLib.framework/Versions/A/libvMisc.dylib
0x00007fff50d33000 	/System/Library/Frameworks/Accelerate.framework/Versions/A/Frameworks/vecLib.framework/Versions/A/libLAPACK.dylib
0x00007fff50ba9000 	/System/Library/Frameworks/Accelerate.framework/Versions/A/Frameworks/vecLib.framework/Versions/A/libBLAS.dylib
0x00007fff510f3000 	/System/Library/Frameworks/Accelerate.framework/Versions/A/Frameworks/vecLib.framework/Versions/A/libLinearAlgebra.dylib
0x00007fff5110f000 	/System/Library/Frameworks/Accelerate.framework/Versions/A/Frameworks/vecLib.framework/Versions/A/libSparse.dylib
0x00007fff51190000 	/System/Library/Frameworks/Accelerate.framework/Versions/A/Frameworks/vecLib.framework/Versions/A/libSparseBLAS.dylib
0x00007fff6d165000 	/System/Library/PrivateFrameworks/GPUWrangler.framework/Versions/A/GPUWrangler
0x00007fff6e8e2000 	/System/Library/PrivateFrameworks/IOAccelerator.framework/Versions/A/IOAccelerator
0x00007fff6e8ed000 	/System/Library/PrivateFrameworks/IOPresentment.framework/Versions/A/IOPresentment
0x00007fff6899e000 	/System/Library/PrivateFrameworks/DSExternalDisplay.framework/Versions/A/DSExternalDisplay
0x00007fff5dadd000 	/System/Library/Frameworks/OpenGL.framework/Versions/A/Libraries/libCoreFSCache.dylib
0x00007fff55d65000 	/System/Library/Frameworks/CoreVideo.framework/Versions/A/CoreVideo
0x00007fff6dee0000 	/System/Library/PrivateFrameworks/GraphVisualizer.framework/Versions/A/GraphVisualizer
0x00007fff58ae7000 	/System/Library/Frameworks/MetalPerformanceShaders.framework/Versions/A/MetalPerformanceShaders
0x00007fff79e98000 	/usr/lib/libFosl_dynamic.dylib
0x00007fff69a6f000 	/System/Library/PrivateFrameworks/FaceCore.framework/Versions/A/FaceCore
0x00007fff5c8e4000 	/System/Library/Frameworks/OpenCL.framework/Versions/A/OpenCL
0x00007fff7a499000 	/usr/lib/libcompression.dylib
0x00007fff526a7000 	/System/Library/Frameworks/ApplicationServices.framework/Versions/A/Frameworks/ATS.framework/Versions/A/Resources/libFontParser.dylib
0x00007fff527ca000 	/System/Library/Frameworks/ApplicationServices.framework/Versions/A/Frameworks/ATS.framework/Versions/A/Resources/libFontRegistry.dylib
0x00007fff56caa000 	/System/Library/Frameworks/ImageIO.framework/Versions/A/Resources/libJPEG.dylib
0x00007fff56fd3000 	/System/Library/Frameworks/ImageIO.framework/Versions/A/Resources/libTIFF.dylib
0x00007fff56fa9000 	/System/Library/Frameworks/ImageIO.framework/Versions/A/Resources/libPng.dylib
0x00007fff56bbd000 	/System/Library/Frameworks/ImageIO.framework/Versions/A/Resources/libGIF.dylib
0x00007fff56bc2000 	/System/Library/Frameworks/ImageIO.framework/Versions/A/Resources/libJP2.dylib
0x00007fff56fd0000 	/System/Library/Frameworks/ImageIO.framework/Versions/A/Resources/libRadiance.dylib
0x00007fff64454000 	/System/Library/PrivateFrameworks/AppleJPEG.framework/Versions/A/AppleJPEG
0x00007fff5894e000 	/System/Library/Frameworks/MetalPerformanceShaders.framework/Frameworks/MPSCore.framework/Versions/A/MPSCore
0x00007fff5896a000 	/System/Library/Frameworks/MetalPerformanceShaders.framework/Frameworks/MPSImage.framework/Versions/A/MPSImage
0x00007fff589ff000 	/System/Library/Frameworks/MetalPerformanceShaders.framework/Frameworks/MPSNeuralNetwork.framework/Versions/A/MPSNeuralNetwork
0x00007fff589da000 	/System/Library/Frameworks/MetalPerformanceShaders.framework/Frameworks/MPSMatrix.framework/Versions/A/MPSMatrix
0x00007fff6fdb0000 	/System/Library/PrivateFrameworks/MetalTools.framework/Versions/A/MetalTools
0x00007fff5dca7000 	/System/Library/Frameworks/OpenGL.framework/Versions/A/Libraries/libGLU.dylib
0x00007fff5dae8000 	/System/Library/Frameworks/OpenGL.framework/Versions/A/Libraries/libGFXShared.dylib
0x00007fff5daf2000 	/System/Library/Frameworks/OpenGL.framework/Versions/A/Libraries/libGL.dylib
0x00007fff5dafe000 	/System/Library/Frameworks/OpenGL.framework/Versions/A/Libraries/libGLImage.dylib
0x00007fff5dada000 	/System/Library/Frameworks/OpenGL.framework/Versions/A/Libraries/libCVMSPluginSupport.dylib
0x00007fff5dae3000 	/System/Library/Frameworks/OpenGL.framework/Versions/A/Libraries/libCoreVMClient.dylib
0x00007fff7ac45000 	/usr/lib/libcups.2.dylib
0x00007fff57ebd000 	/System/Library/Frameworks/Kerberos.framework/Versions/A/Kerberos
0x00007fff566a2000 	/System/Library/Frameworks/GSS.framework/Versions/A/GSS
0x00007fff7bd40000 	/usr/lib/libresolv.9.dylib
0x00007fff7ae43000 	/usr/lib/libiconv.2.dylib
0x00007fff6df72000 	/System/Library/PrivateFrameworks/Heimdal.framework/Versions/A/Heimdal
0x00007fff7ae12000 	/usr/lib/libheimdal-asn1.dylib
0x00007fff5c950000 	/System/Library/Frameworks/OpenDirectory.framework/Versions/A/OpenDirectory
0x00007fff66764000 	/System/Library/PrivateFrameworks/CommonAuth.framework/Versions/A/CommonAuth
0x00007fff5c933000 	/System/Library/Frameworks/OpenDirectory.framework/Versions/A/Frameworks/CFOpenDirectory.framework/Versions/A/CFOpenDirectory
0x00007fff60263000 	/System/Library/Frameworks/SecurityFoundation.framework/Versions/A/SecurityFoundation
0x00007fff6362b000 	/System/Library/PrivateFrameworks/APFS.framework/Versions/A/APFS
0x00007fff7c175000 	/usr/lib/libutil.dylib
0x00007fff644d7000 	/System/Library/PrivateFrameworks/AppleSauce.framework/Versions/A/AppleSauce
0x00007fff6f0ca000 	/System/Library/PrivateFrameworks/LinguisticData.framework/Versions/A/LinguisticData
0x00007fff7b1c5000 	/usr/lib/libmarisa.dylib
0x00007fff6f084000 	/System/Library/PrivateFrameworks/Lexicon.framework/Versions/A/Lexicon
0x00007fff79dc3000 	/usr/lib/libChineseTokenizer.dylib
0x00007fff7a488000 	/usr/lib/libcmph.dylib
0x00007fff6ef8e000 	/System/Library/PrivateFrameworks/LanguageModeling.framework/Versions/A/LanguageModeling
0x00007fff67270000 	/System/Library/PrivateFrameworks/CoreEmoji.framework/Versions/A/CoreEmoji
0x00007fff60321000 	/System/Library/Frameworks/ServiceManagement.framework/Versions/A/ServiceManagement
0x00007fff64d1f000 	/System/Library/PrivateFrameworks/BackgroundTaskManagement.framework/Versions/A/BackgroundTaskManagement
0x00007fff7c272000 	/usr/lib/libxslt.1.dylib
0x00007fff53766000 	/System/Library/Frameworks/Carbon.framework/Versions/A/Frameworks/Ink.framework/Versions/A/Ink
0x00007fff78111000 	/System/Library/PrivateFrameworks/TextureIO.framework/Versions/A/TextureIO
0x00007fff7a2ad000 	/usr/lib/libate.dylib
0x00007fff688fe000 	/System/Library/PrivateFrameworks/CrashReporterSupport.framework/Versions/A/CrashReporterSupport
0x00007fff7546a000 	/System/Library/PrivateFrameworks/Sharing.framework/Versions/A/Sharing
0x00007fff6ecd0000 	/System/Library/PrivateFrameworks/IconServices.framework/Versions/A/IconServices
0x00007fff642d9000 	/System/Library/PrivateFrameworks/Apple80211.framework/Versions/A/Apple80211
0x00007fff68714000 	/System/Library/PrivateFrameworks/CoreUtils.framework/Versions/A/CoreUtils
0x00007fff55da0000 	/System/Library/Frameworks/CoreWLAN.framework/Versions/A/CoreWLAN
0x00007fff567e4000 	/System/Library/Frameworks/IOBluetooth.framework/Versions/A/IOBluetooth
0x00007fff73936000 	/System/Library/PrivateFrameworks/ProtocolBuffer.framework/Versions/A/ProtocolBuffer
0x00007fff68899000 	/System/Library/PrivateFrameworks/CoreWiFi.framework/Versions/A/CoreWiFi
0x00007fff53cb1000 	/System/Library/Frameworks/CoreBluetooth.framework/Versions/A/CoreBluetooth
0x00007fff68ae8000 	/System/Library/PrivateFrameworks/DebugSymbols.framework/Versions/A/DebugSymbols
0x00007fff684cb000 	/System/Library/PrivateFrameworks/CoreSymbolication.framework/Versions/A/CoreSymbolication
0x00007fff77903000 	/System/Library/PrivateFrameworks/Symbolication.framework/Versions/A/Symbolication
0x00007fff64303000 	/System/Library/PrivateFrameworks/AppleFSCompression.framework/Versions/A/AppleFSCompression
0x00007fff76d52000 	/System/Library/PrivateFrameworks/SpeechRecognitionCore.framework/Versions/A/SpeechRecognitionCore
0x0000000109400000 	/Library/Java/JavaVirtualMachines/jdk1.8.0_191.jdk/Contents/Home/jre/lib/server/libjvm.dylib
0x00007fff7c042000 	/usr/lib/libstdc++.6.0.9.dylib
0x0000000108b62000 	/Library/Java/JavaVirtualMachines/jdk1.8.0_191.jdk/Contents/Home/jre/lib/libverify.dylib
0x0000000108b70000 	/Library/Java/JavaVirtualMachines/jdk1.8.0_191.jdk/Contents/Home/jre/lib/libjava.dylib
0x0000000108ba7000 	/Library/Java/JavaVirtualMachines/jdk1.8.0_191.jdk/Contents/Home/jre/lib/libjdwp.dylib
0x0000000108bf2000 	/Library/Java/JavaVirtualMachines/jdk1.8.0_191.jdk/Contents/Home/jre/lib/libnpt.dylib
0x000000010a3f4000 	/Library/Java/JavaVirtualMachines/jdk1.8.0_191.jdk/Contents/Home/jre/lib/libzip.dylib
0x000000010cda4000 	/Library/Java/JavaVirtualMachines/jdk1.8.0_191.jdk/Contents/Home/jre/lib/libdt_socket.dylib

VM Arguments:
jvm_args: -agentlib:jdwp=transport=dt_socket,suspend=y,address=localhost:58427 -Dfile.encoding=UTF-8 
java_command: com.techelevator.ScratchPad2
java_class_path (initial): /Library/Java/JavaVirtualMachines/jdk1.8.0_191.jdk/Contents/Home/jre/lib/resources.jar:/Library/Java/JavaVirtualMachines/jdk1.8.0_191.jdk/Contents/Home/jre/lib/rt.jar:/Library/Java/JavaVirtualMachines/jdk1.8.0_191.jdk/Contents/Home/jre/lib/jsse.jar:/Library/Java/JavaVirtualMachines/jdk1.8.0_191.jdk/Contents/Home/jre/lib/jce.jar:/Library/Java/JavaVirtualMachines/jdk1.8.0_191.jdk/Contents/Home/jre/lib/charsets.jar:/Library/Java/JavaVirtualMachines/jdk1.8.0_191.jdk/Contents/Home/jre/lib/jfr.jar:/Library/Java/JavaVirtualMachines/jdk1.8.0_191.jdk/Contents/Home/jre/lib/ext/sunec.jar:/Library/Java/JavaVirtualMachines/jdk1.8.0_191.jdk/Contents/Home/jre/lib/ext/nashorn.jar:/Library/Java/JavaVirtualMachines/jdk1.8.0_191.jdk/Contents/Home/jre/lib/ext/cldrdata.jar:/Library/Java/JavaVirtualMachines/jdk1.8.0_191.jdk/Contents/Home/jre/lib/ext/jfxrt.jar:/Library/Java/JavaVirtualMachines/jdk1.8.0_191.jdk/Contents/Home/jre/lib/ext/dnsns.jar:/Library/Java/JavaVirtualMachines/jdk1.8.0_191.jdk/Contents/Home/jre/lib/ext/localedata.jar:/Library/Java/JavaVirtualMachines/jdk1.8.0_191.jdk/Contents/Home/jre/lib/ext/sunjce_provider.jar:/Library/Java/JavaVirtualMachines/jdk1.8.0_191.jdk/Contents/Home/jre/lib/ext/sunpkcs11.jar:/Library/Java/JavaVirtualMachines/jdk1.8.0_191.jdk/Contents/Home/jre/lib/ext/jaccess.jar:/Library/Java/JavaVirtualMachines/jdk1.8.0_191.jdk/Contents/Home/jre/lib/ext/zipfs.jar:/System/Library/Java/Extensions/MRJToolkit.jar:/Users/keldessouky/Development/karimeldessouky-java-green-material/module-1/03_Expressions/student-lecture/java/target/classes
Launcher Type: SUN_STANDARD

Environment Variables:
PATH=/usr/bin:/bin:/usr/sbin:/sbin
SHELL=/bin/bash

Signal Handlers:
SIGSEGV: [libjvm.dylib+0x5b5de9], sa_mask[0]=11111111011111110111111111111111, sa_flags=SA_ONSTACK|SA_RESTART|SA_SIGINFO
SIGBUS: [libjvm.dylib+0x5b5de9], sa_mask[0]=11111111011111110111111111111111, sa_flags=SA_RESTART|SA_SIGINFO
SIGFPE: [libjvm.dylib+0x48b6b0], sa_mask[0]=11111111011111110111111111111111, sa_flags=SA_RESTART|SA_SIGINFO
SIGPIPE: [libjvm.dylib+0x48b6b0], sa_mask[0]=11111111011111110111111111111111, sa_flags=SA_RESTART|SA_SIGINFO
SIGXFSZ: [libjvm.dylib+0x48b6b0], sa_mask[0]=11111111011111110111111111111111, sa_flags=SA_RESTART|SA_SIGINFO
SIGILL: [libjvm.dylib+0x48b6b0], sa_mask[0]=11111111011111110111111111111111, sa_flags=SA_RESTART|SA_SIGINFO
SIGUSR1: SIG_DFL, sa_mask[0]=00000000000000000000000000000000, sa_flags=none
SIGUSR2: [libjvm.dylib+0x48b1ce], sa_mask[0]=00100000000000000000000000000000, sa_flags=SA_RESTART|SA_SIGINFO
SIGHUP: [libjvm.dylib+0x489759], sa_mask[0]=11111111011111110111111111111111, sa_flags=SA_RESTART|SA_SIGINFO
SIGINT: [libjvm.dylib+0x489759], sa_mask[0]=11111111011111110111111111111111, sa_flags=SA_RESTART|SA_SIGINFO
SIGTERM: [libjvm.dylib+0x489759], sa_mask[0]=11111111011111110111111111111111, sa_flags=SA_RESTART|SA_SIGINFO
SIGQUIT: [libjvm.dylib+0x489759], sa_mask[0]=11111111011111110111111111111111, sa_flags=SA_RESTART|SA_SIGINFO


---------------  S Y S T E M  ---------------

OS:Bsduname:Darwin 17.5.0 Darwin Kernel Version 17.5.0: Fri Apr 13 19:32:32 PDT 2018; root:xnu-4570.51.2~1/RELEASE_X86_64 x86_64
rlimit: STACK 8192k, CORE 0k, NPROC 709, NOFILE 10240, AS infinity
load average:6.82 6.49 5.87

CPU:total 4 (initial active 4) (2 cores per cpu, 2 threads per core) family 6 model 61 stepping 4, cmov, cx8, fxsr, mmx, sse, sse2, sse3, ssse3, sse4.1, sse4.2, popcnt, avx, avx2, aes, clmul, erms, 3dnowpref, lzcnt, ht, tsc, tscinvbit, bmi1, bmi2, adx

Memory: 4k page, physical 8388608k(67892k free)

/proc/meminfo:


vm_info: Java HotSpot(TM) 64-Bit Server VM (25.191-b12) for bsd-amd64 JRE (1.8.0_191-b12), built on Oct  6 2018 08:37:07 by "java_re" with gcc 4.2.1 (Based on Apple Inc. build 5658) (LLVM build 2336.11.00)

time: Thu May 14 10:38:32 2020
elapsed time: 1764 seconds (0d 0h 29m 24s)

